[2025-11-11T07:46:41.163Z] [INFO] Navigating to Service pagehttp://localhost:8002/default/services/create?cta=new-user
[2025-11-11T07:46:42.912Z] [INFO] create a norml service
[2025-11-11T07:47:14.323Z] [INFO] Navigating to ServiceDetail page
[2025-11-11T07:47:14.327Z] [INFO] validate service name in the page
[2025-11-11T07:47:17.644Z] [INFO] Navigating to Service pagehttp://localhost:8002/default/services/create?cta=new-user
[2025-11-11T07:47:18.576Z] [INFO] create a norml service
[2025-11-11T07:47:50.036Z] [INFO] Navigating to ServiceDetail page
[2025-11-11T07:47:50.043Z] [INFO] validate service name in the page
[2025-11-11T09:07:43.721Z] [INFO] Navigating to Service pagehttp://localhost:8002/default/services/create?cta=new-user
[2025-11-11T09:08:01.159Z] [INFO] create a norml service
[2025-11-11T09:08:24.605Z] [INFO] check the response after clicking "save" button
[2025-11-11T09:08:54.233Z] [INFO] extract generated service id
[2025-11-11T09:10:47.757Z] [INFO] Navigating to ServiceDetail page
[2025-11-11T09:10:47.763Z] [INFO] validate service name in the page
[2025-11-11T09:19:39.779Z] [INFO] Navigating to Service pagehttp://localhost:8002/default/services/create?cta=new-user
[2025-11-11T09:20:25.693Z] [INFO] create a norml service
[2025-11-11T09:25:09.495Z] [INFO] Navigating to Service pagehttp://localhost:8002/default/services/create?cta=new-user
[2025-11-11T09:25:19.843Z] [INFO] create a norml service
[2025-11-11T09:28:11.593Z] [INFO] check the response after clicking "save" button
[2025-11-11T09:28:49.345Z] [INFO] extract generated service id
[2025-11-11T09:32:49.663Z] [INFO] Navigating to Service pagehttp://localhost:8002/default/services/create?cta=new-user
[2025-11-11T09:32:57.654Z] [INFO] create a norml service
[2025-11-11T09:33:05.650Z] [INFO] check the response after clicking "save" button
[2025-11-11T09:38:12.531Z] [INFO] Navigating to Service pagehttp://localhost:8002/default/services/create?cta=new-user
[2025-11-11T09:38:23.766Z] [INFO] create a norml service
[2025-11-11T09:38:28.400Z] [INFO] check the response after clicking "save" button
[2025-11-11T09:38:34.265Z] [INFO] extract generated service id
